# JRE version: OpenJDK Runtime Environment JBR-11.0.11.9-1341.57-dcevm (11.0.11+9) (build 11.0.11+9-b1341.57)
# Java VM: Dynamic Code Evolution 64-Bit Server VM JBR-11.0.11.9-1341.57-dcevm (11.0.11+9-b1341.57, mixed mode, tiered, compressed oops, g1 gc, windows-amd64)
Heap:
 garbage-first heap   total 131072K, used 52325K [0x0000000081e00000, 0x0000000100000000)
  region size 1024K, 38 young (38912K), 6 survivors (6144K)
 Metaspace       used 62379K, capacity 63903K, committed 64076K, reserved 1103872K
  class space    used 8098K, capacity 8681K, committed 8780K, reserved 1048576K
GC Heap History (20 events):
Event: 2.954 GC heap before
{Heap before GC invocations=1 (full 0):
 garbage-first heap   total 131072K, used 17229K [0x0000000081e00000, 0x0000000100000000)
  region size 1024K, 13 young (13312K), 2 survivors (2048K)
 Metaspace       used 12349K, capacity 12609K, committed 12928K, reserved 1060864K
  class space    used 1217K, capacity 1289K, committed 1408K, reserved 1048576K
}
Event: 2.958 GC heap after
{Heap after GC invocations=2 (full 0):
 garbage-first heap   total 131072K, used 6712K [0x0000000081e00000, 0x0000000100000000)
  region size 1024K, 1 young (1024K), 1 survivors (1024K)
 Metaspace       used 12349K, capacity 12609K, committed 12928K, reserved 1060864K
  class space    used 1217K, capacity 1289K, committed 1408K, reserved 1048576K
}
Event: 2.991 GC heap before
{Heap before GC invocations=2 (full 0):
 garbage-first heap   total 131072K, used 34360K [0x0000000081e00000, 0x0000000100000000)
  region size 1024K, 29 young (29696K), 1 survivors (1024K)
 Metaspace       used 12349K, capacity 12609K, committed 12928K, reserved 1060864K
  class space    used 1217K, capacity 1289K, committed 1408K, reserved 1048576K
}
Event: 2.993 GC heap after
{Heap after GC invocations=3 (full 0):
 garbage-first heap   total 131072K, used 6765K [0x0000000081e00000, 0x0000000100000000)
  region size 1024K, 1 young (1024K), 1 survivors (1024K)
 Metaspace       used 12349K, capacity 12609K, committed 12928K, reserved 1060864K
  class space    used 1217K, capacity 1289K, committed 1408K, reserved 1048576K
}
Event: 5.995 GC heap before
{Heap before GC invocations=3 (full 0):
 garbage-first heap   total 131072K, used 49773K [0x0000000081e00000, 0x0000000100000000)
  region size 1024K, 44 young (45056K), 1 survivors (1024K)
 Metaspace       used 19793K, capacity 20275K, committed 20608K, reserved 1067008K
  class space    used 2176K, capacity 2349K, committed 2432K, reserved 1048576K
}
Event: 6.050 GC heap after
{Heap after GC invocations=4 (full 0):
 garbage-first heap   total 131072K, used 8553K [0x0000000081e00000, 0x0000000100000000)
  region size 1024K, 3 young (3072K), 3 survivors (3072K)
 Metaspace       used 19793K, capacity 20275K, committed 20608K, reserved 1067008K
  class space    used 2176K, capacity 2349K, committed 2432K, reserved 1048576K
}
Event: 6.100 GC heap before
{Heap before GC invocations=4 (full 0):
 garbage-first heap   total 131072K, used 11625K [0x0000000081e00000, 0x0000000100000000)
  region size 1024K, 7 young (7168K), 3 survivors (3072K)
 Metaspace       used 20554K, capacity 21081K, committed 21248K, reserved 1069056K
  class space    used 2255K, capacity 2447K, committed 2560K, reserved 1048576K
}
Event: 6.105 GC heap after
{Heap after GC invocations=5 (full 0):
 garbage-first heap   total 131072K, used 8570K [0x0000000081e00000, 0x0000000100000000)
  region size 1024K, 3 young (3072K), 3 survivors (3072K)
 Metaspace       used 20554K, capacity 21081K, committed 21248K, reserved 1069056K
  class space    used 2255K, capacity 2447K, committed 2560K, reserved 1048576K
}
Event: 6.835 GC heap before
{Heap before GC invocations=6 (full 0):
 garbage-first heap   total 131072K, used 74106K [0x0000000081e00000, 0x0000000100000000)
  region size 1024K, 68 young (69632K), 3 survivors (3072K)
 Metaspace       used 25846K, capacity 26418K, committed 26496K, reserved 1073152K
  class space    used 2942K, capacity 3159K, committed 3200K, reserved 1048576K
}
Event: 6.841 GC heap after
{Heap after GC invocations=7 (full 0):
 garbage-first heap   total 131072K, used 9876K [0x0000000081e00000, 0x0000000100000000)
  region size 1024K, 4 young (4096K), 4 survivors (4096K)
 Metaspace       used 25846K, capacity 26418K, committed 26496K, reserved 1073152K
  class space    used 2942K, capacity 3159K, committed 3200K, reserved 1048576K
}
Event: 10.364 GC heap before
{Heap before GC invocations=7 (full 0):
 garbage-first heap   total 131072K, used 80532K [0x0000000081e00000, 0x0000000100000000)
  region size 1024K, 73 young (74752K), 4 survivors (4096K)
 Metaspace       used 31456K, capacity 32253K, committed 32384K, reserved 1077248K
  class space    used 3661K, capacity 3952K, committed 3968K, reserved 1048576K
}
Event: 10.375 GC heap after
{Heap after GC invocations=8 (full 0):
 garbage-first heap   total 131072K, used 12740K [0x0000000081e00000, 0x0000000100000000)
  region size 1024K, 7 young (7168K), 7 survivors (7168K)
 Metaspace       used 31456K, capacity 32253K, committed 32384K, reserved 1077248K
  class space    used 3661K, capacity 3952K, committed 3968K, reserved 1048576K
}
Event: 11.427 GC heap before
{Heap before GC invocations=8 (full 0):
 garbage-first heap   total 131072K, used 37316K [0x0000000081e00000, 0x0000000100000000)
  region size 1024K, 32 young (32768K), 7 survivors (7168K)
 Metaspace       used 34817K, capacity 35775K, committed 35840K, reserved 1081344K
  class space    used 4180K, capacity 4557K, committed 4608K, reserved 1048576K
}
Event: 11.443 GC heap after
{Heap after GC invocations=9 (full 0):
 garbage-first heap   total 131072K, used 14925K [0x0000000081e00000, 0x0000000100000000)
  region size 1024K, 7 young (7168K), 7 survivors (7168K)
 Metaspace       used 34817K, capacity 35775K, committed 35840K, reserved 1081344K
  class space    used 4180K, capacity 4557K, committed 4608K, reserved 1048576K
}
Event: 12.300 GC heap before
{Heap before GC invocations=10 (full 0):
 garbage-first heap   total 131072K, used 83533K [0x0000000081e00000, 0x0000000100000000)
  region size 1024K, 75 young (76800K), 7 survivors (7168K)
 Metaspace       used 37148K, capacity 38110K, committed 38400K, reserved 1083392K
  class space    used 4423K, capacity 4803K, committed 4864K, reserved 1048576K
}
Event: 12.310 GC heap after
{Heap after GC invocations=11 (full 0):
 garbage-first heap   total 131072K, used 15604K [0x0000000081e00000, 0x0000000100000000)
  region size 1024K, 6 young (6144K), 6 survivors (6144K)
 Metaspace       used 37148K, capacity 38110K, committed 38400K, reserved 1083392K
  class space    used 4423K, capacity 4803K, committed 4864K, reserved 1048576K
}
Event: 13.821 GC heap before
{Heap before GC invocations=11 (full 0):
 garbage-first heap   total 131072K, used 86260K [0x0000000081e00000, 0x0000000100000000)
  region size 1024K, 76 young (77824K), 6 survivors (6144K)
 Metaspace       used 45657K, capacity 46838K, committed 46976K, reserved 1089536K
  class space    used 5484K, capacity 5947K, committed 6016K, reserved 1048576K
}
Event: 13.832 GC heap after
{Heap after GC invocations=12 (full 0):
 garbage-first heap   total 131072K, used 18454K [0x0000000081e00000, 0x0000000100000000)
  region size 1024K, 6 young (6144K), 6 survivors (6144K)
 Metaspace       used 45657K, capacity 46838K, committed 46976K, reserved 1089536K
  class space    used 5484K, capacity 5947K, committed 6016K, reserved 1048576K
}
Event: 16.449 GC heap before
{Heap before GC invocations=12 (full 0):
 garbage-first heap   total 131072K, used 81942K [0x0000000081e00000, 0x0000000100000000)
  region size 1024K, 69 young (70656K), 6 survivors (6144K)
 Metaspace       used 58785K, capacity 60090K, committed 60160K, reserved 1101824K
  class space    used 7551K, capacity 8039K, committed 8064K, reserved 1048576K
}
Event: 16.462 GC heap after
{Heap after GC invocations=13 (full 0):
 garbage-first heap   total 131072K, used 20581K [0x0000000081e00000, 0x0000000100000000)
  region size 1024K, 6 young (6144K), 6 survivors (6144K)
 Metaspace       used 58785K, capacity 60090K, committed 60160K, reserved 1101824K
  class space    used 7551K, capacity 8039K, committed 8064K, reserved 1048576K
}

